<?xml version="1.0" encoding="UTF-8"?>
<!-- Generated by org.testng.reporters.JUnitReportReporter -->
<testsuite hostname="DESKTOP-IGBPCA6" failures="0" tests="1" name="test.Practice" time="20.080" errors="0" timestamp="2025-06-16T22:57:29 IST" skipped="0">
  <testcase classname="test.Practice" name="ClickOnSearchButtonWithSvg" time="20.080"/>
</testsuite> <!-- test.Practice -->
